App.loadBundle('/**:bundle-id:**/', ['exports'], function (exports) {
    var h = window.App.h;
    var CommandLine = /** @class */ (function () {
        function CommandLine() {
        }
        CommandLine.prototype.renderButtons = function () {
            return (h("svg", { viewBox: "0 0 400 100" }, h("circle", { r: "50", cx: "50", cy: "50" }), h("circle", { r: "50", cx: "200", cy: "50" }), h("circle", { r: "50", cx: "350", cy: "50" })));
        };
        CommandLine.prototype.render = function () {
            return [
                this.nobuttons ? null : this.renderButtons(),
                h("slot", null)
            ];
        };
        Object.defineProperty(CommandLine, "is", {
            get: function () { return "command-line"; },
            enumerable: true,
            configurable: true
        });
        Object.defineProperty(CommandLine, "encapsulation", {
            get: function () { return "shadow"; },
            enumerable: true,
            configurable: true
        });
        Object.defineProperty(CommandLine, "properties", {
            get: function () {
                return {
                    "nobuttons": {
                        "type": Boolean,
                        "attr": "nobuttons"
                    }
                };
            },
            enumerable: true,
            configurable: true
        });
        Object.defineProperty(CommandLine, "style", {
            get: function () { return "/**style-placeholder:command-line:**/"; },
            enumerable: true,
            configurable: true
        });
        return CommandLine;
    }());
    exports.CommandLine = CommandLine;
    Object.defineProperty(exports, '__esModule', { value: true });
});
