var CommandLine = /** @class */ (function () {
    function CommandLine() {
    }
    CommandLine.prototype.hostData = function () {
        return {
            class: { blink: this.blink },
        };
    };
    CommandLine.prototype.render = function () {
        return '█';
    };
    Object.defineProperty(CommandLine, "is", {
        get: function () { return "command-cursor"; },
        enumerable: true,
        configurable: true
    });
    Object.defineProperty(CommandLine, "properties", {
        get: function () {
            return {
                "blink": {
                    "type": Boolean,
                    "attr": "blink"
                }
            };
        },
        enumerable: true,
        configurable: true
    });
    Object.defineProperty(CommandLine, "style", {
        get: function () { return "/**style-placeholder:command-cursor:**/"; },
        enumerable: true,
        configurable: true
    });
    return CommandLine;
}());
export { CommandLine as CommandCursor };
