import { h } from '../app.core.js';
import { a as matchPath, b as isModifiedEvent, c as ActiveRouter } from './chunk-34ceada4.js';
var CtrlDropdown = /** @class */ (function () {
    function CtrlDropdown() {
        var _this = this;
        this.onSelect = function () { return null; };
        this.renderer = function () { return null; };
        this.setInitial = function (items) { return items[0]; };
        this.items = [];
        this.autoClose = false;
        this.autoCloseDelay = 300;
        this.isOpen = false;
        this.cancelClose = function () {
            clearTimeout(_this.closeTimeout);
        };
        this.scheduleClose = function () {
            _this.closeTimeout = setTimeout(_this.close, _this.autoCloseDelay);
        };
        this.select = function (item) {
            _this.selected = item;
            _this.onSelect(_this.selected);
        };
        this.toggle = function () {
            _this.isOpen = !_this.isOpen;
        };
        this.close = function () {
            _this.isOpen = false;
        };
        this.open = function () {
            _this.isOpen = true;
        };
    }
    CtrlDropdown.prototype.componentWillLoad = function () {
        this.selected = this.setInitial(this.items);
    };
    CtrlDropdown.prototype.componentDidLoad = function () {
        if (this.autoClose) {
            this.el.addEventListener('mouseleave', this.scheduleClose);
            this.el.addEventListener('mouseenter', this.cancelClose);
        }
    };
    CtrlDropdown.prototype.hostData = function () {
        return {
            'class': { 'is-open': this.isOpen }
        };
    };
    CtrlDropdown.prototype.render = function () {
        return this.renderer(this);
    };
    Object.defineProperty(CtrlDropdown, "is", {
        get: function () { return "ctrl-dropdown"; },
        enumerable: true,
        configurable: true
    });
    Object.defineProperty(CtrlDropdown, "properties", {
        get: function () {
            return {
                "autoClose": {
                    "type": Boolean,
                    "attr": "auto-close"
                },
                "autoCloseDelay": {
                    "type": Number,
                    "attr": "auto-close-delay"
                },
                "el": {
                    "elementRef": true
                },
                "isOpen": {
                    "state": true
                },
                "items": {
                    "type": "Any",
                    "attr": "items"
                },
                "onSelect": {
                    "type": "Any",
                    "attr": "on-select"
                },
                "renderer": {
                    "type": "Any",
                    "attr": "renderer"
                },
                "selected": {
                    "state": true
                },
                "setInitial": {
                    "type": "Any",
                    "attr": "set-initial"
                }
            };
        },
        enumerable: true,
        configurable: true
    });
    Object.defineProperty(CtrlDropdown, "style", {
        get: function () { return "/**style-placeholder:ctrl-dropdown:**/"; },
        enumerable: true,
        configurable: true
    });
    return CtrlDropdown;
}());
function getUrl(url, root) {
    if (url.charAt(0) == "/" && root.charAt(root.length - 1) == "/") {
        return root.slice(0, root.length - 1) + url;
    }
    return root + url;
}
var RouteLink = /** @class */ (function () {
    function RouteLink() {
        this.unsubscribe = function () { return; };
        this.activeClass = "link-active";
        this.exact = false;
        this.strict = true;
        this.custom = "a";
        this.match = null;
    }
    RouteLink.prototype.componentWillLoad = function () {
        this.computeMatch();
    };
    RouteLink.prototype.computeMatch = function () {
        if (this.location) {
            this.match = matchPath(this.location.pathname, {
                path: this.urlMatch || this.url,
                exact: this.exact,
                strict: this.strict
            });
        }
    };
    RouteLink.prototype.handleClick = function (e) {
        if (isModifiedEvent(e) || !this.history || !this.url || !this.root) {
            return;
        }
        e.preventDefault();
        return this.history.push(getUrl(this.url, this.root));
    };
    RouteLink.prototype.render = function () {
        var _a;
        var anchorAttributes = {
            class: (_a = {},
                _a[this.activeClass] = this.match !== null,
                _a),
            onClick: this.handleClick.bind(this)
        };
        if (this.anchorClass) {
            anchorAttributes.class[this.anchorClass] = true;
        }
        if (this.custom === "a") {
            anchorAttributes = Object.assign({}, anchorAttributes, { href: this.url, title: this.anchorTitle, role: this.anchorRole, tabindex: this.anchorTabIndex, "aria-haspopup": this.ariaHaspopup, id: this.anchorId, "aria-posinset": this.ariaPosinset, "aria-setsize": this.ariaSetsize, "aria-label": this.ariaLabel });
        }
        return (h(this.custom, Object.assign({}, anchorAttributes), h("slot", null)));
    };
    Object.defineProperty(RouteLink, "is", {
        get: function () { return "stencil-route-link"; },
        enumerable: true,
        configurable: true
    });
    Object.defineProperty(RouteLink, "properties", {
        get: function () {
            return {
                "activeClass": {
                    "type": String,
                    "attr": "active-class"
                },
                "anchorClass": {
                    "type": String,
                    "attr": "anchor-class"
                },
                "anchorId": {
                    "type": String,
                    "attr": "anchor-id"
                },
                "anchorRole": {
                    "type": String,
                    "attr": "anchor-role"
                },
                "anchorTabIndex": {
                    "type": String,
                    "attr": "anchor-tab-index"
                },
                "anchorTitle": {
                    "type": String,
                    "attr": "anchor-title"
                },
                "ariaHaspopup": {
                    "type": String,
                    "attr": "aria-haspopup"
                },
                "ariaLabel": {
                    "type": String,
                    "attr": "aria-label"
                },
                "ariaPosinset": {
                    "type": String,
                    "attr": "aria-posinset"
                },
                "ariaSetsize": {
                    "type": Number,
                    "attr": "aria-setsize"
                },
                "custom": {
                    "type": String,
                    "attr": "custom"
                },
                "el": {
                    "elementRef": true
                },
                "exact": {
                    "type": Boolean,
                    "attr": "exact"
                },
                "history": {
                    "type": "Any",
                    "attr": "history"
                },
                "location": {
                    "type": "Any",
                    "attr": "location",
                    "watchCallbacks": ["computeMatch"]
                },
                "match": {
                    "state": true
                },
                "root": {
                    "type": String,
                    "attr": "root"
                },
                "strict": {
                    "type": Boolean,
                    "attr": "strict"
                },
                "url": {
                    "type": String,
                    "attr": "url"
                },
                "urlMatch": {
                    "type": String,
                    "attr": "url-match"
                }
            };
        },
        enumerable: true,
        configurable: true
    });
    return RouteLink;
}());
ActiveRouter.injectProps(RouteLink, [
    "history",
    "location",
    "root"
]);
export { CtrlDropdown, RouteLink as StencilRouteLink };
