App.loadBundle('/**:bundle-id:**/', ['exports'], function (exports) {
    var h = window.App.h;
    var CssText = /** @class */ (function () {
        function CssText() {
            this.cssText = '';
            this.showCopyConfirmation = false;
        }
        CssText.prototype.onCssTextChange = function (ev) {
            if (ev.target.value !== this.cssText) {
                var value = ev.target.value;
                if (!value.length)
                    return;
                this.cssText = value;
                this.cssTextChange.emit(this.cssText);
            }
        };
        CssText.prototype.copyCssText = function () {
            var _this = this;
            this.showCopyConfirmation = true;
            var cssEl = this.el.querySelector('#cssText');
            var cssText = cssEl.textContent || '';
            var el = document.createElement('textarea');
            el.value = cssText;
            el.setAttribute('readonly', '');
            el.style.position = 'absolute';
            el.style.left = '-9999px';
            document.body.appendChild(el);
            el.select();
            document.execCommand('copy');
            document.body.removeChild(el);
            setTimeout(function () {
                _this.showCopyConfirmation = false;
            }, 2000);
        };
        CssText.prototype.render = function () {
            return [
                h("div", null, h("div", { class: "css-text__header" }, h("h3", null, "CSS Variables"), h("div", { class: { 'css-text__copy': true, 'show-confirmation': this.showCopyConfirmation } }, h("a", { class: "css-text__copy-link", onClick: this.copyCssText.bind(this) }, "Copy"), h("span", { class: "css-text__copy-confirmation" }, h("svg", { xmlns: "http://www.w3.org/2000/svg", viewBox: "0 0 512 512", width: "26px", height: "26px" }, h("path", { d: "M362.6 192.9L345 174.8c-.7-.8-1.8-1.2-2.8-1.2-1.1 0-2.1.4-2.8 1.2l-122 122.9-44.4-44.4c-.8-.8-1.8-1.2-2.8-1.2-1 0-2 .4-2.8 1.2l-17.8 17.8c-1.6 1.6-1.6 4.1 0 5.7l56 56c3.6 3.6 8 5.7 11.7 5.7 5.3 0 9.9-3.9 11.6-5.5h.1l133.7-134.4c1.4-1.7 1.4-4.2-.1-5.7z" })), "Copied"))), h("div", { id: "cssText", class: "css-text__code", contentEditable: "true", spellcheck: "false", onClick: function () { this.select(); }, onInput: this.onCssTextChange.bind(this), innerHTML: this.cssText }))
            ];
        };
        Object.defineProperty(CssText, "is", {
            get: function () { return "color-gen-css-text"; },
            enumerable: true,
            configurable: true
        });
        Object.defineProperty(CssText, "properties", {
            get: function () {
                return {
                    "cssText": {
                        "type": String,
                        "attr": "css-text",
                        "mutable": true
                    },
                    "el": {
                        "elementRef": true
                    },
                    "showCopyConfirmation": {
                        "state": true
                    }
                };
            },
            enumerable: true,
            configurable: true
        });
        Object.defineProperty(CssText, "events", {
            get: function () {
                return [{
                        "name": "cssTextChange",
                        "method": "cssTextChange",
                        "bubbles": true,
                        "cancelable": true,
                        "composed": true
                    }];
            },
            enumerable: true,
            configurable: true
        });
        Object.defineProperty(CssText, "style", {
            get: function () { return "/**style-placeholder:color-gen-css-text:**/"; },
            enumerable: true,
            configurable: true
        });
        return CssText;
    }());
    exports.ColorGenCssText = CssText;
    Object.defineProperty(exports, '__esModule', { value: true });
});
